Info: Start Nativelink Simulation process

========= EDA Simulation Settings =====================

Sim Mode              :  Gate
Family                :  cycloneii
Quartus root          :  c:/altera/13.0sp1/quartus/bin64/
Quartus sim root      :  c:/altera/13.0sp1/quartus/eda/sim_lib
Simulation Tool       :  modelsim-altera
Simulation Language   :  vhdl
Version               :  93
Simulation Mode       :  GUI
Sim Output File       :  ula_multiplicador.vho
Sim SDF file          :  ula_multiplicador__vhdl.sdo
Sim dir               :  simulation\modelsim

=======================================================

Info: Starting NativeLink simulation with ModelSim-Altera software
Sourced NativeLink script c:/altera/13.0sp1/quartus/common/tcl/internal/nativelink/modelsim.tcl
Warning: File ula_multiplicador_run_msim_gate_vhdl.do already exists - backing up current file as ula_multiplicador_run_msim_gate_vhdl.do.bak3
Probing transcript
ModelSim-Altera Info: # Reading C:/altera/13.0sp1/modelsim_ase/tcl/vsim/pref.tcl 
ModelSim-Altera Info: # do ula_multiplicador_run_msim_gate_vhdl.do 
ModelSim-Altera Info: # if {[file exists gate_work]} {
ModelSim-Altera Info: # 	vdel -lib gate_work -all
ModelSim-Altera Info: # }
ModelSim-Altera Info: # vlib gate_work
ModelSim-Altera Info: # vmap work gate_work
ModelSim-Altera Info: # Copying C:\altera\13.0sp1\modelsim_ase\win32aloem/../modelsim.ini to modelsim.ini
ModelSim-Altera Info: # Modifying modelsim.ini
ModelSim-Altera Warning: # ** Warning: Copied C:\altera\13.0sp1\modelsim_ase\win32aloem/../modelsim.ini to modelsim.ini.
ModelSim-Altera Info: #          Updated modelsim.ini.
ModelSim-Altera Info: # 
ModelSim-Altera Info: # vcom -93 -work work {ula_multiplicador.vho}
ModelSim-Altera Info: # Model Technology ModelSim ALTERA vcom 10.1d Compiler 2012.11 Nov  2 2012
ModelSim-Altera Info: # -- Loading package STANDARD
ModelSim-Altera Info: # -- Loading package TEXTIO
ModelSim-Altera Info: # -- Loading package std_logic_1164
ModelSim-Altera Info: # -- Loading package VITAL_Timing
ModelSim-Altera Info: # -- Loading package VITAL_Primitives
ModelSim-Altera Info: # -- Loading package cycloneii_atom_pack
ModelSim-Altera Info: # -- Loading package cycloneii_components
ModelSim-Altera Info: # -- Compiling entity TP1
ModelSim-Altera Info: # -- Compiling architecture structure of TP1
ModelSim-Altera Info: # 
ModelSim-Altera Info: vsim -do ula_multiplicador_run_msim_gate_vhdl.do -l msim_transcript -gui -sdftyp {/=C:/Users/edupe/OneDrive/¡rea de Trabalho/TP1_FINAL/projetos-sd/ula_multiplicador/simulation/modelsim/ula_multiplicador_vhd.sdo} work.tp1
ModelSim-Altera Info: # vsim -do ula_multiplicador_run_msim_gate_vhdl.do -l msim_transcript -gui -sdftyp {/=C:/Users/edupe/OneDrive/¡rea de Trabalho/TP1_FINAL/projetos-sd/ula_multiplicador/simulation/modelsim/ula_multiplicador_vhd.sdo} work.tp1 
ModelSim-Altera Error: # ** Error: (vsim-SDF-3196) Failed to find SDF file "C:/Users/edupe/OneDrive/√Årea de Trabalho/TP1_FINAL/projetos-sd/ula_multiplicador/simulation/modelsim/ula_multiplicador_vhd.sdo".
ModelSim-Altera Info: # 
ModelSim-Altera Info: # Error loading design
ModelSim-Altera Info: vsim -do ula_multiplicador_run_msim_gate_vhdl.do -l msim_transcript -gui -sdftyp {/=C:/Users/edupe/OneDrive/¡rea de Trabalho/TP1_FINAL/projetos-sd/ula_multiplicador/simulation/modelsim/ula_multiplicador_vhd.sdo} work.tp1
ModelSim-Altera Info: # vsim -do ula_multiplicador_run_msim_gate_vhdl.do -l msim_transcript -gui -sdftyp {/=C:/Users/edupe/OneDrive/¡rea de Trabalho/TP1_FINAL/projetos-sd/ula_multiplicador/simulation/modelsim/ula_multiplicador_vhd.sdo} work.tp1 
ModelSim-Altera Error: # ** Error: (vsim-SDF-3196) Failed to find SDF file "C:/Users/edupe/OneDrive/√Årea de Trabalho/TP1_FINAL/projetos-sd/ula_multiplicador/simulation/modelsim/ula_multiplicador_vhd.sdo".
ModelSim-Altera Info: # 
ModelSim-Altera Info: # Error loading design
ModelSim-Altera Info: vsim -do ula_multiplicador_run_msim_gate_vhdl.do -l msim_transcript -gui work.tp1
ModelSim-Altera Info: # vsim -do ula_multiplicador_run_msim_gate_vhdl.do -l msim_transcript -gui work.tp1 
ModelSim-Altera Info: # Loading std.standard
ModelSim-Altera Info: # Loading std.textio(body)
ModelSim-Altera Info: # Loading ieee.std_logic_1164(body)
ModelSim-Altera Info: # Loading ieee.vital_timing(body)
ModelSim-Altera Info: # Loading ieee.vital_primitives(body)
ModelSim-Altera Info: # Loading cycloneii.cycloneii_atom_pack(body)
ModelSim-Altera Info: # Loading cycloneii.cycloneii_components
ModelSim-Altera Info: # Loading work.tp1(structure)
ModelSim-Altera Info: # Loading cycloneii.cycloneii_lcell_comb(vital_lcell_comb)
ModelSim-Altera Info: # Loading ieee.std_logic_arith(body)
ModelSim-Altera Info: # Loading cycloneii.cycloneii_io(structure)
ModelSim-Altera Info: # Loading cycloneii.cycloneii_mux21(altvital)
ModelSim-Altera Info: # Loading cycloneii.cycloneii_dffe(behave)
ModelSim-Altera Info: # Loading cycloneii.cycloneii_asynch_io(behave)
ModelSim-Altera Info: # Loading cycloneii.cycloneii_clkctrl(vital_clkctrl)
ModelSim-Altera Info: # Loading cycloneii.cycloneii_ena_reg(behave)
ModelSim-Altera Info: # Loading cycloneii.cycloneii_lcell_ff(vital_lcell_ff)
ModelSim-Altera Info: # Loading cycloneii.cycloneii_and1(altvital)
ModelSim-Altera Warning: # ** Warning: Design size of 2 instances exceeds ModelSim ALTERA recommended capacity.
ModelSim-Altera Info: # This may because you are loading cell libraries which are not recommended with
ModelSim-Altera Info: # the ModelSim Altera version. Expect performance to be adversely affected.
ModelSim-Altera Info: # do ula_multiplicador_run_msim_gate_vhdl.do 
ModelSim-Altera Info: # if {[file exists gate_work]} {
ModelSim-Altera Info: # 	vdel -lib gate_work -all
ModelSim-Altera Info: # }
ModelSim-Altera Info: # vlib gate_work
ModelSim-Altera Info: # vmap work gate_work
ModelSim-Altera Info: # Modifying modelsim.ini
ModelSim-Altera Info: # 
ModelSim-Altera Info: # vcom -93 -work work {ula_multiplicador.vho}
ModelSim-Altera Info: # Model Technology ModelSim ALTERA vcom 10.1d Compiler 2012.11 Nov  2 2012
ModelSim-Altera Info: # -- Loading package STANDARD
ModelSim-Altera Info: # -- Loading package TEXTIO
ModelSim-Altera Info: # -- Loading package std_logic_1164
ModelSim-Altera Info: # -- Loading package VITAL_Timing
ModelSim-Altera Info: # -- Loading package VITAL_Primitives
ModelSim-Altera Info: # -- Loading package cycloneii_atom_pack
ModelSim-Altera Info: # -- Loading package cycloneii_components
ModelSim-Altera Info: # -- Compiling entity TP1
ModelSim-Altera Info: # -- Compiling architecture structure of TP1
ModelSim-Altera Info: # 
ModelSim-Altera Info: add wave -position end  sim:/tp1/clk
ModelSim-Altera Info: add wave -position end  sim:/tp1/inicio
ModelSim-Altera Info: add wave -position end  sim:/tp1/reset
ModelSim-Altera Info: add wave -position end  sim:/tp1/dado
ModelSim-Altera Info: add wave -position end  sim:/tp1/s_low
ModelSim-Altera Info: add wave -position end  sim:/tp1/s_high
ModelSim-Altera Info: add wave -position end  sim:/tp1/flagZ
ModelSim-Altera Info: add wave -position end  sim:/tp1/flagOvf
ModelSim-Altera Info: add wave -position end  sim:/tp1/flagN
ModelSim-Altera Info: do simulation_TP1.do
ModelSim-Altera Error: # ** Error: (vsim-4026) Value "00000000" does not represent a literal of the enumeration type.
ModelSim-Altera Error: # ** Error: (vsim-4011) Invalid force value: 00000000 0 ns.
ModelSim-Altera Info: 
ModelSim-Altera Info: # Error in macro ./simulation_TP1.do line 5
ModelSim-Altera Error: # ** Error: (vsim-4026) Value "00000000" does not represent a literal of the enumeration type.
ModelSim-Altera Error: # ** Error: (vsim-4011) Invalid force value: 00000000 0 ns.
ModelSim-Altera Info: 
ModelSim-Altera Info: # 
ModelSim-Altera Info: #     while executing
ModelSim-Altera Info: # "force -freeze sim:/TP1/inicio 00000000 0 ns"
ModelSim-Altera Info: do simulation_TP1.do
ModelSim-Altera Info: vsim -do ula_multiplicador_run_msim_gate_vhdl.do -l msim_transcript -gui -sdftyp {/=C:/Users/edupe/OneDrive/¡rea de Trabalho/TP1_FINAL/projetos-sd/ula_multiplicador/simulation/modelsim/ula_multiplicador_vhd.sdo} work.tp1
ModelSim-Altera Info: # vsim -do ula_multiplicador_run_msim_gate_vhdl.do -l msim_transcript -gui -sdftyp {/=C:/Users/edupe/OneDrive/¡rea de Trabalho/TP1_FINAL/projetos-sd/ula_multiplicador/simulation/modelsim/ula_multiplicador_vhd.sdo} work.tp1 
ModelSim-Altera Error: # ** Error: (vsim-SDF-3196) Failed to find SDF file "C:/Users/edupe/OneDrive/√Årea de Trabalho/TP1_FINAL/projetos-sd/ula_multiplicador/simulation/modelsim/ula_multiplicador_vhd.sdo".
ModelSim-Altera Info: # 
ModelSim-Altera Info: # Error loading design
ModelSim-Altera Info: do simulation_TP1.do
ModelSim-Altera Error: # ** Error: (vish-4008) Object '/clk' not found.
ModelSim-Altera Info: 
ModelSim-Altera Info: # Error in macro ./simulation_TP1.do line 8
ModelSim-Altera Error: # ** Error: (vish-4008) Object '/clk' not found.
ModelSim-Altera Info: 
ModelSim-Altera Info: # 
ModelSim-Altera Info: #     while executing
ModelSim-Altera Info: # "force /clk 0 0ns, 1 5ns -r 10ns"
ModelSim-Altera Info: do simulation_TP1.do
ModelSim-Altera Error: # ** Error: Dataset not found: sim
ModelSim-Altera Info: # Error in macro ./simulation_TP1.do line 8
ModelSim-Altera Info: # Dataset not found: sim
ModelSim-Altera Info: #     while executing
ModelSim-Altera Info: # "force sim:/TP1/clk 0 0ns, 1 5ns -r 10ns"
ModelSim-Altera Info: do simulation_TP1.do
ModelSim-Altera Error: # ** Error: Dataset not found: sim
ModelSim-Altera Info: # Error in macro ./simulation_TP1.do line 8
ModelSim-Altera Info: # Dataset not found: sim
ModelSim-Altera Info: #     while executing
ModelSim-Altera Info: # "force -freeze sim:/TP1/clk 0 0ns, 1 5ns -r 10ns"
ModelSim-Altera Info: vsim work.tp1
ModelSim-Altera Info: # vsim work.tp1 
ModelSim-Altera Info: # Loading std.standard
ModelSim-Altera Info: # Loading std.textio(body)
ModelSim-Altera Info: # Loading ieee.std_logic_1164(body)
ModelSim-Altera Info: # Loading ieee.vital_timing(body)
ModelSim-Altera Info: # Loading ieee.vital_primitives(body)
ModelSim-Altera Info: # Loading cycloneii.cycloneii_atom_pack(body)
ModelSim-Altera Info: # Loading cycloneii.cycloneii_components
ModelSim-Altera Info: # Loading work.tp1(structure)
ModelSim-Altera Info: # Loading cycloneii.cycloneii_lcell_comb(vital_lcell_comb)
ModelSim-Altera Info: # Loading ieee.std_logic_arith(body)
ModelSim-Altera Info: # Loading cycloneii.cycloneii_io(structure)
ModelSim-Altera Info: # Loading cycloneii.cycloneii_mux21(altvital)
ModelSim-Altera Info: # Loading cycloneii.cycloneii_dffe(behave)
ModelSim-Altera Info: # Loading cycloneii.cycloneii_asynch_io(behave)
ModelSim-Altera Info: # Loading cycloneii.cycloneii_clkctrl(vital_clkctrl)
ModelSim-Altera Info: # Loading cycloneii.cycloneii_ena_reg(behave)
ModelSim-Altera Info: # Loading cycloneii.cycloneii_lcell_ff(vital_lcell_ff)
ModelSim-Altera Info: # Loading cycloneii.cycloneii_and1(altvital)
ModelSim-Altera Warning: # ** Warning: Design size of 2 instances exceeds ModelSim ALTERA recommended capacity.
ModelSim-Altera Info: # This may because you are loading cell libraries which are not recommended with
ModelSim-Altera Info: # the ModelSim Altera version. Expect performance to be adversely affected.
ModelSim-Altera Info: add wave -position end  sim:/tp1/clk
ModelSim-Altera Info: add wave -position end  sim:/tp1/inicio
ModelSim-Altera Info: add wave -position end  sim:/tp1/reset
ModelSim-Altera Info: add wave -position end  sim:/tp1/dado
ModelSim-Altera Info: add wave -position end  sim:/tp1/s_low
ModelSim-Altera Info: add wave -position end  sim:/tp1/s_high
ModelSim-Altera Info: add wave -position end  sim:/tp1/flagZ
ModelSim-Altera Info: add wave -position end  sim:/tp1/flagOvf
ModelSim-Altera Info: add wave -position end  sim:/tp1/flagN
ModelSim-Altera Info: do simulation_TP1.do
ModelSim-Altera Info: restart
ModelSim-Altera Info: add wave -position end  sim:/tp1/clk
ModelSim-Altera Info: add wave -position end  sim:/tp1/inicio
ModelSim-Altera Info: add wave -position end  sim:/tp1/reset
ModelSim-Altera Info: add wave -position end  sim:/tp1/dado
ModelSim-Altera Info: add wave -position end  sim:/tp1/s_low
ModelSim-Altera Info: add wave -position end  sim:/tp1/s_high
ModelSim-Altera Info: add wave -position end  sim:/tp1/flagZ
ModelSim-Altera Info: add wave -position end  sim:/tp1/flagOvf
ModelSim-Altera Info: add wave -position end  sim:/tp1/flagN
ModelSim-Altera Info: do simulation_TP1.do
ModelSim-Altera Info: do simulation.do
ModelSim-Altera Error: # ** Error: (vish-4008) Object 'sim:/TP1/entA' not found.
ModelSim-Altera Info: 
ModelSim-Altera Info: # Error in macro ./simulation.do line 2
ModelSim-Altera Error: # ** Error: (vish-4008) Object 'sim:/TP1/entA' not found.
ModelSim-Altera Info: 
ModelSim-Altera Info: # 
ModelSim-Altera Info: #     while executing
ModelSim-Altera Info: # "force -freeze sim:/TP1/entA 0110 0 ns,  0010 20 ns, 0000 40 ns, 1111 60 ns, 0111 80 ns, 0111 100 ns, 0110 120 ns"
ModelSim-Altera Info: do simulation_TP1.do
ModelSim-Altera Info: restart
ModelSim-Altera Info: do simulation.do
ModelSim-Altera Error: # ** Error: (vish-4008) Object 'sim:/TP1/entA' not found.
ModelSim-Altera Info: 
ModelSim-Altera Info: # Error in macro ./simulation.do line 2
ModelSim-Altera Error: # ** Error: (vish-4008) Object 'sim:/TP1/entA' not found.
ModelSim-Altera Info: 
ModelSim-Altera Info: # 
ModelSim-Altera Info: #     while executing
ModelSim-Altera Info: # "force -freeze sim:/TP1/entA 0110 0 ns,  0010 20 ns, 0000 40 ns, 1111 60 ns, 0111 80 ns, 0111 100 ns, 0110 120 ns"
ModelSim-Altera Info: do simulation_TP1.do
ModelSim-Altera Info: add wave -position end  sim:/tp1/clk
ModelSim-Altera Info: add wave -position end  sim:/tp1/inicio
ModelSim-Altera Info: add wave -position end  sim:/tp1/reset
ModelSim-Altera Info: add wave -position end  sim:/tp1/dado
ModelSim-Altera Info: add wave -position end  sim:/tp1/s_low
ModelSim-Altera Info: add wave -position end  sim:/tp1/s_high
ModelSim-Altera Info: add wave -position end  sim:/tp1/flagZ
ModelSim-Altera Info: add wave -position end  sim:/tp1/flagOvf
ModelSim-Altera Info: add wave -position end  sim:/tp1/flagN
ModelSim-Altera Info: restart
ModelSim-Altera Info: do simulation_TP1.do
ModelSim-Altera Info: add wave -position end  sim:/tp1/clk
ModelSim-Altera Info: add wave -position end  sim:/tp1/inicio
ModelSim-Altera Info: add wave -position end  sim:/tp1/reset
ModelSim-Altera Info: add wave -position end  sim:/tp1/dado
ModelSim-Altera Info: add wave -position end  sim:/tp1/s_low
ModelSim-Altera Info: add wave -position end  sim:/tp1/s_high
ModelSim-Altera Info: add wave -position end  sim:/tp1/flagZ
ModelSim-Altera Info: add wave -position end  sim:/tp1/flagOvf
ModelSim-Altera Info: add wave -position end  sim:/tp1/flagN
ModelSim-Altera Info: restart
ModelSim-Altera Info: do simulation_TP1.do
ModelSim-Altera Info: add wave -position end  sim:/tp1/clk
ModelSim-Altera Info: add wave -position end  sim:/tp1/inicio
ModelSim-Altera Info: add wave -position end  sim:/tp1/reset
ModelSim-Altera Info: add wave -position end  sim:/tp1/dado
ModelSim-Altera Info: add wave -position end  sim:/tp1/s_low
ModelSim-Altera Info: add wave -position end  sim:/tp1/s_high
ModelSim-Altera Info: add wave -position end  sim:/tp1/flagZ
ModelSim-Altera Info: add wave -position end  sim:/tp1/flagOvf
ModelSim-Altera Info: add wave -position end  sim:/tp1/flagN
ModelSim-Altera Info: do simulation_TP1.do
ModelSim-Altera Info: restart
ModelSim-Altera Info: restart
ModelSim-Altera Info: do simulation_TP1.do
ModelSim-Altera Info: add wave -position end  sim:/tp1/clk
ModelSim-Altera Info: add wave -position end  sim:/tp1/inicio
ModelSim-Altera Info: add wave -position end  sim:/tp1/reset
ModelSim-Altera Info: add wave -position end  sim:/tp1/dado
ModelSim-Altera Info: add wave -position end  sim:/tp1/s_low
ModelSim-Altera Info: add wave -position end  sim:/tp1/s_high
ModelSim-Altera Info: add wave -position end  sim:/tp1/flagZ
ModelSim-Altera Info: add wave -position end  sim:/tp1/flagOvf
ModelSim-Altera Info: add wave -position end  sim:/tp1/flagN
Error: Errors encountered while running modelsim do file
Error: NativeLink simulation flow was NOT successful



================The following additional information is provided to help identify the cause of error while running nativelink scripts=================
Nativelink TCL script failed with errorCode:  1
Nativelink TCL script failed with errorInfo:  1
    (procedure "launch_sim" line 1)
    invoked from within
"launch_sim launch_args_hash"
    ("eval" body line 1)
    invoked from within
"eval launch_sim launch_args_hash"
    invoked from within
"if [ info exists ::errorCode ] {
				set savedCode $::errorCode
				set savedInfo $::errorInfo
				error $result $savedInfo $savedCode
			} else {
			..."
    invoked from within
"if [catch {eval launch_sim launch_args_hash} result ] {
			set status 1
			if [ info exists ::errorCode ] {
				set savedCode $::errorCode
				set sav..."
    (procedure "run_sim" line 78)
    invoked from within
"run_sim run_sim_args_hash"
    invoked from within
"if [ info exists ::errorCode ] {
			set savedCode $::errorCode
			set savedInfo $::errorInfo
			error "$result" $savedInfo $savedCode
		} else {
			er..."
    (procedure "run_eda_simulation_tool" line 330)
    invoked from within
"run_eda_simulation_tool eda_opts_hash"
